<?xml version="1.0" encoding="UTF-8"?>
<!-- Generated by org.testng.reporters.JUnitXMLReporter -->
<testsuite hostname="DESKTOP-NOBQL6Q" ignored="0" name="Default test" tests="3" failures="0" timestamp="2020-04-07T15:13:32 IST" time="140.178" errors="0">
  <testcase name="ValidateTitleTest" time="0.178" classname="com.qa.hrm.TestCases.LoginPageTest"/>
  <testcase name="ValidateImageDisplay" time="0.878" classname="com.qa.hrm.TestCases.LoginPageTest"/>
  <testcase name="LoginTest" time="10.718" classname="com.qa.hrm.TestCases.LoginPageTest"/>
</testsuite> <!-- Default test -->
