<?xml version="1.0" encoding="UTF-8"?>
<testng-results ignored="0" total="13" passed="12" failed="1" skipped="0">
  <reporter-output>
  </reporter-output>
  <suite started-at="2020-04-07T19:39:40 IST" name="Command line suite" finished-at="2020-04-07T19:47:46 IST" duration-ms="486466">
    <groups>
    </groups>
    <test started-at="2020-04-07T19:39:40 IST" name="Command line test" finished-at="2020-04-07T19:47:46 IST" duration-ms="486466">
      <class name="com.qa.hrm.TestCases.AddJobTitleTest">
        <test-method is-config="true" signature="SetUp()[pri:0, instance:com.qa.hrm.TestCases.AddJobTitleTest@7e6f74c]" started-at="2020-04-07T19:39:40 IST" name="SetUp" finished-at="2020-04-07T19:41:51 IST" duration-ms="130909" status="PASS">
          <reporter-output>
          </reporter-output>
        </test-method> <!-- SetUp -->
        <test-method signature="JobTitleForm()[pri:1, instance:com.qa.hrm.TestCases.AddJobTitleTest@7e6f74c]" started-at="2020-04-07T19:41:51 IST" name="JobTitleForm" finished-at="2020-04-07T19:42:03 IST" duration-ms="12088" status="PASS">
          <reporter-output>
          </reporter-output>
        </test-method> <!-- JobTitleForm -->
        <test-method is-config="true" signature="TearDown()[pri:0, instance:com.qa.hrm.TestCases.AddJobTitleTest@7e6f74c]" started-at="2020-04-07T19:42:03 IST" name="TearDown" finished-at="2020-04-07T19:42:07 IST" duration-ms="3968" status="PASS">
          <reporter-output>
          </reporter-output>
        </test-method> <!-- TearDown -->
      </class> <!-- com.qa.hrm.TestCases.AddJobTitleTest -->
      <class name="com.qa.hrm.TestCases.GeneralInfoTestCase">
        <test-method signature="validateGenralInfo(java.lang.String, [Ljava.lang.CharSequence;, java.lang.String, java.lang.String, java.lang.String, [Ljava.lang.CharSequence;, [Ljava.lang.CharSequence;, java.lang.String, java.lang.String)[pri:0, instance:com.qa.hrm.TestCases.GeneralInfoTestCase@dd05255]" started-at="2020-04-07T19:42:07 IST" name="validateGenralInfo" data-provider="getHRMdata" finished-at="2020-04-07T19:42:25 IST" duration-ms="17601" status="FAIL">
          <exception class="org.testng.internal.reflect.MethodMatcherException">
            <message>
              <![CDATA[
[public void com.qa.hrm.TestCases.GeneralInfoTestCase.validateGenralInfo(java.lang.String,java.lang.CharSequence[],java.lang.String,java.lang.String,java.lang.String,java.lang.CharSequence[],java.lang.CharSequence[],java.lang.String,java.lang.String) throws java.io.IOException] has no parameters defined but was found to be using a data provider (either explicitly specified or inherited from class level annotation).
Data provider mismatch
Method: validateGenralInfo([Parameter{index=0, type=java.lang.String, declaredAnnotations=[]}, Parameter{index=1, type=[Ljava.lang.CharSequence;, declaredAnnotations=[]}, Parameter{index=2, type=java.lang.String, declaredAnnotations=[]}, Parameter{index=3, type=java.lang.String, declaredAnnotations=[]}, Parameter{index=4, type=java.lang.String, declaredAnnotations=[]}, Parameter{index=5, type=[Ljava.lang.CharSequence;, declaredAnnotations=[]}, Parameter{index=6, type=[Ljava.lang.CharSequence;, declaredAnnotations=[]}, Parameter{index=7, type=java.lang.String, declaredAnnotations=[]}, Parameter{index=8, type=java.lang.String, declaredAnnotations=[]}])
Arguments: [(java.lang.String) Ankita,(java.lang.String) 9.99999999E8,(java.lang.String) ankita@orageHRM.com,(java.lang.String) Paharganj,(java.lang.String) Delhi,(java.lang.String) 568878.0,(java.lang.String) 565455.0,(java.lang.String) Delhi]]]>
            </message>
            <full-stacktrace>
              <![CDATA[org.testng.internal.reflect.MethodMatcherException: 
[public void com.qa.hrm.TestCases.GeneralInfoTestCase.validateGenralInfo(java.lang.String,java.lang.CharSequence[],java.lang.String,java.lang.String,java.lang.String,java.lang.CharSequence[],java.lang.CharSequence[],java.lang.String,java.lang.String) throws java.io.IOException] has no parameters defined but was found to be using a data provider (either explicitly specified or inherited from class level annotation).
Data provider mismatch
Method: validateGenralInfo([Parameter{index=0, type=java.lang.String, declaredAnnotations=[]}, Parameter{index=1, type=[Ljava.lang.CharSequence;, declaredAnnotations=[]}, Parameter{index=2, type=java.lang.String, declaredAnnotations=[]}, Parameter{index=3, type=java.lang.String, declaredAnnotations=[]}, Parameter{index=4, type=java.lang.String, declaredAnnotations=[]}, Parameter{index=5, type=[Ljava.lang.CharSequence;, declaredAnnotations=[]}, Parameter{index=6, type=[Ljava.lang.CharSequence;, declaredAnnotations=[]}, Parameter{index=7, type=java.lang.String, declaredAnnotations=[]}, Parameter{index=8, type=java.lang.String, declaredAnnotations=[]}])
Arguments: [(java.lang.String) Ankita,(java.lang.String) 9.99999999E8,(java.lang.String) ankita@orageHRM.com,(java.lang.String) Paharganj,(java.lang.String) Delhi,(java.lang.String) 568878.0,(java.lang.String) 565455.0,(java.lang.String) Delhi]
at org.testng.internal.reflect.DataProviderMethodMatcher.getConformingArguments(DataProviderMethodMatcher.java:43)
at org.testng.internal.Parameters.injectParameters(Parameters.java:909)
at org.testng.internal.MethodRunner.runInSequence(MethodRunner.java:34)
at org.testng.internal.TestInvoker$MethodInvocationAgent.invoke(TestInvoker.java:816)
at org.testng.internal.TestInvoker.invokeTestMethods(TestInvoker.java:146)
at org.testng.internal.TestMethodWorker.invokeTestMethods(TestMethodWorker.java:146)
at org.testng.internal.TestMethodWorker.run(TestMethodWorker.java:128)
at java.base/java.util.ArrayList.forEach(Unknown Source)
at org.testng.TestRunner.privateRun(TestRunner.java:766)
at org.testng.TestRunner.run(TestRunner.java:587)
at org.testng.SuiteRunner.runTest(SuiteRunner.java:384)
at org.testng.SuiteRunner.runSequentially(SuiteRunner.java:378)
at org.testng.SuiteRunner.privateRun(SuiteRunner.java:337)
at org.testng.SuiteRunner.run(SuiteRunner.java:286)
at org.testng.SuiteRunnerWorker.runSuite(SuiteRunnerWorker.java:53)
at org.testng.SuiteRunnerWorker.run(SuiteRunnerWorker.java:96)
at org.testng.TestNG.runSuitesSequentially(TestNG.java:1187)
at org.testng.TestNG.runSuitesLocally(TestNG.java:1109)
at org.testng.TestNG.runSuites(TestNG.java:1039)
at org.testng.TestNG.run(TestNG.java:1007)
at org.apache.maven.surefire.testng.TestNGExecutor.run(TestNGExecutor.java:77)
at org.apache.maven.surefire.testng.TestNGDirectoryTestSuite.executeMulti(TestNGDirectoryTestSuite.java:159)
at org.apache.maven.surefire.testng.TestNGDirectoryTestSuite.execute(TestNGDirectoryTestSuite.java:99)
at org.apache.maven.surefire.testng.TestNGProvider.invoke(TestNGProvider.java:106)
at java.base/jdk.internal.reflect.NativeMethodAccessorImpl.invoke0(Native Method)
at java.base/jdk.internal.reflect.NativeMethodAccessorImpl.invoke(Unknown Source)
at java.base/jdk.internal.reflect.DelegatingMethodAccessorImpl.invoke(Unknown Source)
at java.base/java.lang.reflect.Method.invoke(Unknown Source)
at org.apache.maven.surefire.util.ReflectionUtils.invokeMethodWithArray(ReflectionUtils.java:189)
at org.apache.maven.surefire.booter.ProviderFactory$ProviderProxy.invoke(ProviderFactory.java:165)
at org.apache.maven.surefire.booter.ProviderFactory.invokeProvider(ProviderFactory.java:85)
at org.apache.maven.surefire.booter.ForkedBooter.runSuitesInProcess(ForkedBooter.java:115)
at org.apache.maven.surefire.booter.ForkedBooter.main(ForkedBooter.java:75)
]]>
            </full-stacktrace>
          </exception> <!-- org.testng.internal.reflect.MethodMatcherException -->
          <reporter-output>
          </reporter-output>
        </test-method> <!-- validateGenralInfo -->
      </class> <!-- com.qa.hrm.TestCases.GeneralInfoTestCase -->
      <class name="com.qa.hrm.TestCases.LoginPageTest">
        <test-method is-config="true" signature="SetUp()[pri:0, instance:com.qa.hrm.TestCases.LoginPageTest@1f2586d6]" started-at="2020-04-07T19:44:50 IST" name="SetUp" finished-at="2020-04-07T19:45:10 IST" duration-ms="19972" status="PASS">
          <reporter-output>
          </reporter-output>
        </test-method> <!-- SetUp -->
        <test-method signature="ValidateTitleTest()[pri:1, instance:com.qa.hrm.TestCases.LoginPageTest@1f2586d6]" started-at="2020-04-07T19:45:10 IST" name="ValidateTitleTest" finished-at="2020-04-07T19:45:10 IST" duration-ms="95" status="PASS">
          <reporter-output>
          </reporter-output>
        </test-method> <!-- ValidateTitleTest -->
        <test-method is-config="true" signature="TearDown()[pri:0, instance:com.qa.hrm.TestCases.LoginPageTest@1f2586d6]" started-at="2020-04-07T19:45:10 IST" name="TearDown" finished-at="2020-04-07T19:45:11 IST" duration-ms="1050" status="PASS">
          <reporter-output>
          </reporter-output>
        </test-method> <!-- TearDown -->
        <test-method is-config="true" signature="SetUp()[pri:0, instance:com.qa.hrm.TestCases.LoginPageTest@1f2586d6]" started-at="2020-04-07T19:45:11 IST" name="SetUp" finished-at="2020-04-07T19:45:33 IST" duration-ms="22419" status="PASS">
          <reporter-output>
          </reporter-output>
        </test-method> <!-- SetUp -->
        <test-method signature="ValidateImageDisplay()[pri:2, instance:com.qa.hrm.TestCases.LoginPageTest@1f2586d6]" started-at="2020-04-07T19:45:33 IST" name="ValidateImageDisplay" finished-at="2020-04-07T19:45:36 IST" duration-ms="3022" status="PASS">
          <reporter-output>
          </reporter-output>
        </test-method> <!-- ValidateImageDisplay -->
        <test-method is-config="true" signature="TearDown()[pri:0, instance:com.qa.hrm.TestCases.LoginPageTest@1f2586d6]" started-at="2020-04-07T19:45:36 IST" name="TearDown" finished-at="2020-04-07T19:45:37 IST" duration-ms="1058" status="PASS">
          <reporter-output>
          </reporter-output>
        </test-method> <!-- TearDown -->
        <test-method is-config="true" signature="SetUp()[pri:0, instance:com.qa.hrm.TestCases.LoginPageTest@1f2586d6]" started-at="2020-04-07T19:45:37 IST" name="SetUp" finished-at="2020-04-07T19:45:55 IST" duration-ms="17357" status="PASS">
          <reporter-output>
          </reporter-output>
        </test-method> <!-- SetUp -->
        <test-method signature="LoginTest()[pri:3, instance:com.qa.hrm.TestCases.LoginPageTest@1f2586d6]" started-at="2020-04-07T19:45:55 IST" name="LoginTest" finished-at="2020-04-07T19:46:02 IST" duration-ms="7310" status="PASS">
          <reporter-output>
          </reporter-output>
        </test-method> <!-- LoginTest -->
        <test-method is-config="true" signature="TearDown()[pri:0, instance:com.qa.hrm.TestCases.LoginPageTest@1f2586d6]" started-at="2020-04-07T19:46:02 IST" name="TearDown" finished-at="2020-04-07T19:46:03 IST" duration-ms="1111" status="PASS">
          <reporter-output>
          </reporter-output>
        </test-method> <!-- TearDown -->
      </class> <!-- com.qa.hrm.TestCases.LoginPageTest -->
      <class name="NewTest">
        <test-method signature="f()[pri:0, instance:NewTest@6989da5e]" started-at="2020-04-07T19:47:46 IST" name="f" finished-at="2020-04-07T19:47:46 IST" duration-ms="0" status="PASS">
          <reporter-output>
          </reporter-output>
        </test-method> <!-- f -->
      </class> <!-- NewTest -->
      <class name="com.qa.hrm.TestCases.JobPageTest">
        <test-method is-config="true" signature="SetUp()[pri:0, instance:com.qa.hrm.TestCases.JobPageTest@2f4948e4]" started-at="2020-04-07T19:43:48 IST" name="SetUp" finished-at="2020-04-07T19:44:17 IST" duration-ms="28384" status="PASS">
          <reporter-output>
          </reporter-output>
        </test-method> <!-- SetUp -->
        <test-method signature="AddTitleTestCase()[pri:0, instance:com.qa.hrm.TestCases.JobPageTest@2f4948e4]" started-at="2020-04-07T19:44:17 IST" name="AddTitleTestCase" finished-at="2020-04-07T19:44:18 IST" duration-ms="1551" status="PASS">
          <reporter-output>
          </reporter-output>
        </test-method> <!-- AddTitleTestCase -->
        <test-method is-config="true" signature="TearDown()[pri:0, instance:com.qa.hrm.TestCases.JobPageTest@2f4948e4]" started-at="2020-04-07T19:44:18 IST" name="TearDown" finished-at="2020-04-07T19:44:20 IST" duration-ms="1245" status="PASS">
          <reporter-output>
          </reporter-output>
        </test-method> <!-- TearDown -->
        <test-method is-config="true" signature="SetUp()[pri:0, instance:com.qa.hrm.TestCases.JobPageTest@2f4948e4]" started-at="2020-04-07T19:44:20 IST" name="SetUp" finished-at="2020-04-07T19:44:48 IST" duration-ms="28208" status="PASS">
          <reporter-output>
          </reporter-output>
        </test-method> <!-- SetUp -->
        <test-method signature="ValidateJobTitleCheckboxClick()[pri:1, instance:com.qa.hrm.TestCases.JobPageTest@2f4948e4]" started-at="2020-04-07T19:44:48 IST" name="ValidateJobTitleCheckboxClick" finished-at="2020-04-07T19:44:48 IST" duration-ms="419" status="PASS">
          <reporter-output>
          </reporter-output>
        </test-method> <!-- ValidateJobTitleCheckboxClick -->
        <test-method is-config="true" signature="TearDown()[pri:0, instance:com.qa.hrm.TestCases.JobPageTest@2f4948e4]" started-at="2020-04-07T19:44:48 IST" name="TearDown" finished-at="2020-04-07T19:44:50 IST" duration-ms="1633" status="PASS">
          <reporter-output>
          </reporter-output>
        </test-method> <!-- TearDown -->
      </class> <!-- com.qa.hrm.TestCases.JobPageTest -->
      <class name="com.qa.hrm.TestCases.HomeTestCase">
        <test-method is-config="true" signature="SetUp()[pri:0, instance:com.qa.hrm.TestCases.HomeTestCase@6a78afa0]" started-at="2020-04-07T19:42:25 IST" name="SetUp" finished-at="2020-04-07T19:43:11 IST" duration-ms="46441" status="PASS">
          <reporter-output>
          </reporter-output>
        </test-method> <!-- SetUp -->
        <test-method signature="validateAdminJobTest()[pri:0, instance:com.qa.hrm.TestCases.HomeTestCase@6a78afa0]" started-at="2020-04-07T19:43:11 IST" name="validateAdminJobTest" finished-at="2020-04-07T19:43:13 IST" duration-ms="2159" status="PASS">
          <reporter-output>
          </reporter-output>
        </test-method> <!-- validateAdminJobTest -->
        <test-method is-config="true" signature="TearDown()[pri:0, instance:com.qa.hrm.TestCases.HomeTestCase@6a78afa0]" started-at="2020-04-07T19:43:13 IST" name="TearDown" finished-at="2020-04-07T19:43:15 IST" duration-ms="1363" status="PASS">
          <reporter-output>
          </reporter-output>
        </test-method> <!-- TearDown -->
        <test-method is-config="true" signature="SetUp()[pri:0, instance:com.qa.hrm.TestCases.HomeTestCase@6a78afa0]" started-at="2020-04-07T19:43:15 IST" name="SetUp" finished-at="2020-04-07T19:43:43 IST" duration-ms="28414" status="PASS">
          <reporter-output>
          </reporter-output>
        </test-method> <!-- SetUp -->
        <test-method signature="ValidateAdminLinkTest()[pri:1, instance:com.qa.hrm.TestCases.HomeTestCase@6a78afa0]" started-at="2020-04-07T19:43:43 IST" name="ValidateAdminLinkTest" finished-at="2020-04-07T19:43:46 IST" duration-ms="3120" status="PASS">
          <reporter-output>
          </reporter-output>
        </test-method> <!-- ValidateAdminLinkTest -->
        <test-method is-config="true" signature="TearDown()[pri:0, instance:com.qa.hrm.TestCases.HomeTestCase@6a78afa0]" started-at="2020-04-07T19:43:46 IST" name="TearDown" finished-at="2020-04-07T19:43:48 IST" duration-ms="2184" status="PASS">
          <reporter-output>
          </reporter-output>
        </test-method> <!-- TearDown -->
      </class> <!-- com.qa.hrm.TestCases.HomeTestCase -->
      <class name="com.qa.hrm.TestCases.WorkShiftTestCase">
        <test-method is-config="true" signature="SetUp()[pri:0, instance:com.qa.hrm.TestCases.WorkShiftTestCase@5aa9e4eb]" started-at="2020-04-07T19:47:12 IST" name="SetUp" finished-at="2020-04-07T19:47:44 IST" duration-ms="31699" status="PASS">
          <reporter-output>
          </reporter-output>
        </test-method> <!-- SetUp -->
        <test-method signature="JobTitleForm()[pri:1, instance:com.qa.hrm.TestCases.WorkShiftTestCase@5aa9e4eb]" started-at="2020-04-07T19:47:44 IST" name="JobTitleForm" finished-at="2020-04-07T19:47:45 IST" duration-ms="1370" status="PASS">
          <reporter-output>
          </reporter-output>
        </test-method> <!-- JobTitleForm -->
        <test-method is-config="true" signature="TearDown()[pri:0, instance:com.qa.hrm.TestCases.WorkShiftTestCase@5aa9e4eb]" started-at="2020-04-07T19:47:45 IST" name="TearDown" finished-at="2020-04-07T19:47:46 IST" duration-ms="1427" status="PASS">
          <reporter-output>
          </reporter-output>
        </test-method> <!-- TearDown -->
      </class> <!-- com.qa.hrm.TestCases.WorkShiftTestCase -->
      <class name="com.qa.hrm.TestCases.OrganizationStructureTestCase">
        <test-method is-config="true" signature="SetUp()[pri:0, instance:com.qa.hrm.TestCases.OrganizationStructureTestCase@10683d9d]" started-at="2020-04-07T19:46:03 IST" name="SetUp" finished-at="2020-04-07T19:46:32 IST" duration-ms="28607" status="PASS">
          <reporter-output>
          </reporter-output>
        </test-method> <!-- SetUp -->
        <test-method signature="ValidateAlert()[pri:0, instance:com.qa.hrm.TestCases.OrganizationStructureTestCase@10683d9d]" started-at="2020-04-07T19:46:32 IST" name="ValidateAlert" finished-at="2020-04-07T19:46:36 IST" duration-ms="3735" status="PASS">
          <reporter-output>
          </reporter-output>
        </test-method> <!-- ValidateAlert -->
        <test-method is-config="true" signature="TearDown()[pri:0, instance:com.qa.hrm.TestCases.OrganizationStructureTestCase@10683d9d]" started-at="2020-04-07T19:46:36 IST" name="TearDown" finished-at="2020-04-07T19:46:37 IST" duration-ms="1244" status="PASS">
          <reporter-output>
          </reporter-output>
        </test-method> <!-- TearDown -->
      </class> <!-- com.qa.hrm.TestCases.OrganizationStructureTestCase -->
      <class name="com.qa.hrm.TestCases.SystemUserTestCase">
        <test-method is-config="true" signature="SetUp()[pri:0, instance:com.qa.hrm.TestCases.SystemUserTestCase@3fc2959f]" started-at="2020-04-07T19:46:37 IST" name="SetUp" finished-at="2020-04-07T19:47:07 IST" duration-ms="30279" status="PASS">
          <reporter-output>
          </reporter-output>
        </test-method> <!-- SetUp -->
        <test-method signature="ValidateSystemUsers()[pri:1, instance:com.qa.hrm.TestCases.SystemUserTestCase@3fc2959f]" started-at="2020-04-07T19:47:07 IST" name="ValidateSystemUsers" finished-at="2020-04-07T19:47:11 IST" duration-ms="3826" status="PASS">
          <reporter-output>
          </reporter-output>
        </test-method> <!-- ValidateSystemUsers -->
        <test-method is-config="true" signature="TearDown()[pri:0, instance:com.qa.hrm.TestCases.SystemUserTestCase@3fc2959f]" started-at="2020-04-07T19:47:11 IST" name="TearDown" finished-at="2020-04-07T19:47:12 IST" duration-ms="989" status="PASS">
          <reporter-output>
          </reporter-output>
        </test-method> <!-- TearDown -->
      </class> <!-- com.qa.hrm.TestCases.SystemUserTestCase -->
    </test> <!-- Command line test -->
  </suite> <!-- Command line suite -->
</testng-results>
