<?xml version="1.0" encoding="UTF-8" ?>
<testsuite tests="13" failures="1" name="TestSuite" time="72.409" errors="0" skipped="0">
  <properties>
[...]
</properties>
  <testcase classname="com.qa.hrm.TestCases.AddJobTitleTest" name="JobTitleForm" time="12.098"/>
  <testcase classname="com.qa.hrm.TestCases.GeneralInfoTestCase" name="validateGenralInfo" time="33.71">
    <failure message="
[public void com.qa.hrm.TestCases.GeneralInfoTestCase.validateGenralInfo(java.lang.String,java.lang.CharSequence[],java.lang.String,java.lang.String,java.lang.String,java.lang.CharSequence[],java.lang.CharSequence[],java.lang.String,java.lang.String) throws java.io.IOException] has no parameters defined but was found to be using a data provider (either explicitly specified or inherited from class level annotation).
Data provider mismatch
Method: validateGenralInfo([Parameter{index=0, type=java.lang.String, declaredAnnotations=[]}, Parameter{index=1, type=[Ljava.lang.CharSequence;, declaredAnnotations=[]}, Parameter{index=2, type=java.lang.String, declaredAnnotations=[]}, Parameter{index=3, type=java.lang.String, declaredAnnotations=[]}, Parameter{index=4, type=java.lang.String, declaredAnnotations=[]}, Parameter{index=5, type=[Ljava.lang.CharSequence;, declaredAnnotations=[]}, Parameter{index=6, type=[Ljava.lang.CharSequence;, declaredAnnotations=[]}, Parameter{index=7, type=java.lang.String, declaredAnnotations=[]}, Parameter{index=8, type=java.lang.String, declaredAnnotations=[]}])
Arguments: [(java.lang.String) Ankita,(java.lang.String) 9.99999999E8,(java.lang.String) ankita@orageHRM.com,(java.lang.String) Paharganj,(java.lang.String) Delhi,(java.lang.String) 568878.0,(java.lang.String) 565455.0,(java.lang.String) Delhi]" type="org.testng.internal.reflect.MethodMatcherException">org.testng.internal.reflect.MethodMatcherException: 
[public void com.qa.hrm.TestCases.GeneralInfoTestCase.validateGenralInfo(java.lang.String,java.lang.CharSequence[],java.lang.String,java.lang.String,java.lang.String,java.lang.CharSequence[],java.lang.CharSequence[],java.lang.String,java.lang.String) throws java.io.IOException] has no parameters defined but was found to be using a data provider (either explicitly specified or inherited from class level annotation).
Data provider mismatch
Method: validateGenralInfo([Parameter{index=0, type=java.lang.String, declaredAnnotations=[]}, Parameter{index=1, type=[Ljava.lang.CharSequence;, declaredAnnotations=[]}, Parameter{index=2, type=java.lang.String, declaredAnnotations=[]}, Parameter{index=3, type=java.lang.String, declaredAnnotations=[]}, Parameter{index=4, type=java.lang.String, declaredAnnotations=[]}, Parameter{index=5, type=[Ljava.lang.CharSequence;, declaredAnnotations=[]}, Parameter{index=6, type=[Ljava.lang.CharSequence;, declaredAnnotations=[]}, Parameter{index=7, type=java.lang.String, declaredAnnotations=[]}, Parameter{index=8, type=java.lang.String, declaredAnnotations=[]}])
Arguments: [(java.lang.String) Ankita,(java.lang.String) 9.99999999E8,(java.lang.String) ankita@orageHRM.com,(java.lang.String) Paharganj,(java.lang.String) Delhi,(java.lang.String) 568878.0,(java.lang.String) 565455.0,(java.lang.String) Delhi]
	at org.testng.internal.reflect.DataProviderMethodMatcher.getConformingArguments(DataProviderMethodMatcher.java:43)
	at org.testng.internal.Parameters.injectParameters(Parameters.java:909)
	at org.testng.internal.MethodRunner.runInSequence(MethodRunner.java:34)
	at org.testng.internal.TestInvoker$MethodInvocationAgent.invoke(TestInvoker.java:816)
	at org.testng.internal.TestInvoker.invokeTestMethods(TestInvoker.java:146)
	at org.testng.internal.TestMethodWorker.invokeTestMethods(TestMethodWorker.java:146)
	at org.testng.internal.TestMethodWorker.run(TestMethodWorker.java:128)
	at java.base/java.util.ArrayList.forEach(Unknown Source)
	at org.testng.TestRunner.privateRun(TestRunner.java:766)
	at org.testng.TestRunner.run(TestRunner.java:587)
	at org.testng.SuiteRunner.runTest(SuiteRunner.java:384)
	at org.testng.SuiteRunner.runSequentially(SuiteRunner.java:378)
	at org.testng.SuiteRunner.privateRun(SuiteRunner.java:337)
	at org.testng.SuiteRunner.run(SuiteRunner.java:286)
	at org.testng.SuiteRunnerWorker.runSuite(SuiteRunnerWorker.java:53)
	at org.testng.SuiteRunnerWorker.run(SuiteRunnerWorker.java:96)
	at org.testng.TestNG.runSuitesSequentially(TestNG.java:1187)
	at org.testng.TestNG.runSuitesLocally(TestNG.java:1109)
	at org.testng.TestNG.runSuites(TestNG.java:1039)
	at org.testng.TestNG.run(TestNG.java:1007)
	at org.apache.maven.surefire.testng.TestNGExecutor.run(TestNGExecutor.java:77)
	at org.apache.maven.surefire.testng.TestNGDirectoryTestSuite.executeMulti(TestNGDirectoryTestSuite.java:159)
	at org.apache.maven.surefire.testng.TestNGDirectoryTestSuite.execute(TestNGDirectoryTestSuite.java:99)
	at org.apache.maven.surefire.testng.TestNGProvider.invoke(TestNGProvider.java:106)
	at java.base/jdk.internal.reflect.NativeMethodAccessorImpl.invoke0(Native Method)
	at java.base/jdk.internal.reflect.NativeMethodAccessorImpl.invoke(Unknown Source)
	at java.base/jdk.internal.reflect.DelegatingMethodAccessorImpl.invoke(Unknown Source)
	at java.base/java.lang.reflect.Method.invoke(Unknown Source)
	at org.apache.maven.surefire.util.ReflectionUtils.invokeMethodWithArray(ReflectionUtils.java:189)
	at org.apache.maven.surefire.booter.ProviderFactory$ProviderProxy.invoke(ProviderFactory.java:165)
	at org.apache.maven.surefire.booter.ProviderFactory.invokeProvider(ProviderFactory.java:85)
	at org.apache.maven.surefire.booter.ForkedBooter.runSuitesInProcess(ForkedBooter.java:115)
	at org.apache.maven.surefire.booter.ForkedBooter.main(ForkedBooter.java:75)
</failure>
  </testcase>
  <testcase classname="com.qa.hrm.TestCases.HomeTestCase" name="validateAdminJobTest" time="2.159"/>
  <testcase classname="com.qa.hrm.TestCases.HomeTestCase" name="ValidateAdminLinkTest" time="3.108"/>
  <testcase classname="com.qa.hrm.TestCases.JobPageTest" name="AddTitleTestCase" time="1.552"/>
  <testcase classname="com.qa.hrm.TestCases.JobPageTest" name="ValidateJobTitleCheckboxClick" time="0.418"/>
  <testcase classname="com.qa.hrm.TestCases.LoginPageTest" name="ValidateTitleTest" time="0.095"/>
  <testcase classname="com.qa.hrm.TestCases.LoginPageTest" name="ValidateImageDisplay" time="3.021"/>
  <testcase classname="com.qa.hrm.TestCases.LoginPageTest" name="LoginTest" time="7.31"/>
  <testcase classname="com.qa.hrm.TestCases.OrganizationStructureTestCase" name="ValidateAlert" time="3.735"/>
  <testcase classname="com.qa.hrm.TestCases.SystemUserTestCase" name="ValidateSystemUsers" time="3.833"/>
  <testcase classname="com.qa.hrm.TestCases.WorkShiftTestCase" name="JobTitleForm" time="1.37"/>
  <testcase classname="NewTest" name="f" time="0"/>
</testsuite>